[2025-11-28 04:06:43] Database initialized
[2025-11-28 04:06:43] === SYSTEM START ===
[2025-11-28 04:06:43] Initial Capital: 100 CHF | Target: 10000 CHF
[2025-11-28 04:06:43] Cycle 1: +150.00 CHF | Capital: 250.00 CHF
[2025-11-28 04:06:45] Cycle 2: +473.50 CHF | Capital: 723.50 CHF
[2025-11-28 04:06:45] Clone created! Total clones: 1
[2025-11-28 04:06:47] Cycle 3: +1426.55 CHF | Capital: 2065.05 CHF
[2025-11-28 04:06:47] Clone created! Total clones: 2
[2025-11-28 04:06:50] Cycle 4: +4739.63 CHF | Capital: 6719.68 CHF
[2025-11-28 04:06:50] Clone created! Total clones: 3
[2025-11-28 04:06:55] Cycle 5: +16710.26 CHF | Capital: 23344.94 CHF
[2025-11-28 04:06:55] Clone created! Total clones: 4
[2025-11-28 04:06:57] === TARGET REACHED: 23259.94 CHF ===
[2025-11-28 04:08:58] Database initialized
[2025-11-28 04:08:58] === SYSTEM START ===
[2025-11-28 04:08:58] Initial Capital: 100 CHF | Target: 10000 CHF
[2025-11-28 04:08:58] Cycle 1: +168.00 CHF | Capital: 268.00 CHF
[2025-11-28 04:09:47] Database initialized
[2025-11-28 04:09:47] === SYSTEM START ===
[2025-11-28 04:09:47] Initial Capital: 100 CHF | Target: 10000 CHF
[2025-11-28 04:09:47] Cycle 1: +168.00 CHF | Capital: 268.00 CHF
[2025-11-28 04:09:49] Cycle 2: +573.44 CHF | Capital: 841.44 CHF
[2025-11-28 04:09:49] Clone created! Total clones: 5
[2025-11-28 04:09:52] Cycle 3: +1877.37 CHF | Capital: 2633.81 CHF
[2025-11-28 04:09:52] Clone created! Total clones: 6
[2025-11-28 04:09:55] Cycle 4: +6756.38 CHF | Capital: 9305.19 CHF
[2025-11-28 04:09:55] Clone created! Total clones: 7
[2025-11-28 04:10:01] Cycle 5: +25730.26 CHF | Capital: 34950.46 CHF
[2025-11-28 04:10:01] Clone created! Total clones: 8
[2025-11-28 04:10:03] === TARGET REACHED: 34865.46 CHF ===
[2025-11-28 04:23:42] Database initialized
[2025-11-28 04:23:44] Cycle 1: +186.00 CHF | Capital: 286.00 CHF
[2025-11-28 04:23:47] Cycle 2: +744.62 CHF | Capital: 1030.62 CHF
[2025-11-28 04:23:47] Clone created! Total clones: 9
[2025-11-28 04:23:49] Cycle 3: +2588.26 CHF | Capital: 3533.88 CHF
[2025-11-28 04:23:49] Clone created! Total clones: 10
[2025-11-28 04:23:53] Cycle 4: +10100.28 CHF | Capital: 13549.16 CHF
[2025-11-28 04:23:53] Clone created! Total clones: 11
[2025-11-28 04:24:02] Cycle 5: +41410.18 CHF | Capital: 54874.35 CHF
[2025-11-28 04:24:02] Clone created! Total clones: 12
[2025-11-28 04:24:34] Cycle 6: +176144.07 CHF | Capital: 230933.42 CHF
[2025-11-28 04:24:34] Clone created! Total clones: 13
[2025-11-28 04:24:49] Database initialized
[2025-11-28 04:27:08] Cycle 7: +774511.91 CHF | Capital: 1005360.33 CHF
[2025-11-28 04:27:08] Clone created! Total clones: 14
[2025-11-28 04:39:11] Cycle 8: +3516596.09 CHF | Capital: 4521871.43 CHF
[2025-11-28 04:39:11] Clone created! Total clones: 15
[2025-11-28 04:47:13] Database initialized
[2025-11-28 04:47:16] Cycle 1: +217.50 CHF | Capital: 317.50 CHF
[2025-11-28 04:47:18] Cycle 2: +926.55 CHF | Capital: 1244.05 CHF
[2025-11-28 04:47:18] Clone created! Total clones: 16
[2025-11-28 04:47:21] Cycle 3: +3748.84 CHF | Capital: 4907.89 CHF
[2025-11-28 04:47:21] Clone created! Total clones: 17
[2025-11-28 04:47:26] Cycle 4: +16405.87 CHF | Capital: 21228.76 CHF
[2025-11-28 04:47:26] Clone created! Total clones: 18
[2025-11-28 04:47:44] Cycle 5: +75377.00 CHF | Capital: 96520.76 CHF
[2025-11-28 04:47:44] Clone created! Total clones: 19
[2025-11-28 04:49:26] Cycle 6: +357918.87 CHF | Capital: 454354.63 CHF
[2025-11-28 04:49:26] Clone created! Total clones: 20
[2025-11-28 04:55:10] Cycle 7: +1754482.15 CHF | Capital: 2208751.78 CHF
[2025-11-28 04:55:10] Clone created! Total clones: 21
[2025-11-28 05:07:07] Database initialized
[2025-11-28 05:11:47] Database initialized
[2025-11-28 05:30:35] Cycle 8: +8868915.85 CHF | Capital: 11077582.63 CHF
[2025-11-28 05:30:35] Clone created! Total clones: 22
[2025-11-28 06:19:22] Database initialized
[2025-11-28 06:20:02] Database initialized
[2025-11-28 06:21:29] Cycle 1: +249.00 CHF | Capital: 349.00 CHF
[2025-11-28 06:22:09] Cycle 2: +1188.56 CHF | Capital: 1537.56 CHF
[2025-11-28 06:22:09] Clone created! Total clones: 23
[2025-11-28 06:22:17] Cycle 8: +5466.80 CHF | Capital: 6919.36 CHF
[2025-11-28 06:22:17] Clone created! Total clones: 24
[2025-11-28 06:22:20] Cycle 9: +9424.68 CHF | Capital: 16259.04 CHF
[2025-11-28 06:22:20] Clone created! Total clones: 25
[2025-11-28 06:22:24] Cycle 10: +15543.50 CHF | Capital: 31717.54 CHF
[2025-11-28 06:22:24] Cycle 10: +25189.50 CHF | Capital: 56907.04 CHF
[2025-11-28 06:22:26] Cycle 12: +41039.25 CHF | Capital: 97946.29 CHF
[2025-11-28 06:22:28] Cycle 13: +66711.75 CHF | Capital: 164658.04 CHF
[2025-11-28 06:22:38] Cycle 14: +130877.10 CHF | Capital: 295535.14 CHF
[2025-11-28 06:23:34] Cycle 15: +254874.59 CHF | Capital: 550409.73 CHF
[2025-11-28 06:28:13] Cycle 16: +595477.77 CHF | Capital: 1145887.50 CHF
[2025-11-28 06:28:28] Cycle 16: +975636.85 CHF | Capital: 2121524.35 CHF
[2025-11-28 06:29:20] Database initialized
[2025-11-28 06:30:24] Cycle 17: +1786477.77 CHF | Capital: 3908002.12 CHF
[2025-11-28 08:15:28] Database initialized
[2025-11-28 08:15:28] Database initialized
[2025-11-28 08:15:28] Database initialized
[2025-11-28 08:15:28] Art generation error: no such table: art_portfolio
[2025-11-28 08:15:28] Trading error: no such table: trading_log
[2025-11-28 08:15:28] Transaction recording error: no such table: transactions
[2025-11-28 08:15:28] Cycle 1: +0.00 CHF | Capital: 100.00 CHF
[2025-11-28 08:15:28] Art generation error: no such table: art_portfolio
[2025-11-28 08:15:28] Trading error: no such table: trading_log
[2025-11-28 08:15:28] Transaction recording error: no such table: transactions
[2025-11-28 08:15:28] Cycle 1: +0.00 CHF | Capital: 100.00 CHF
[2025-11-28 08:15:28] Art generation error: no such table: art_portfolio
[2025-11-28 08:15:28] Trading error: no such table: trading_log
[2025-11-28 08:15:28] Transaction recording error: no such table: transactions
[2025-11-28 08:15:28] Cycle 1: +0.00 CHF | Capital: 100.00 CHF
[2025-11-28 08:15:28] Art generation error: no such table: art_portfolio
[2025-11-28 08:15:28] Trading error: no such table: trading_log
[2025-11-28 08:15:28] Transaction recording error: no such table: transactions
[2025-11-28 08:15:28] Cycle 2: +0.00 CHF | Capital: 100.00 CHF
[2025-11-28 08:15:28] Art generation error: no such table: art_portfolio
[2025-11-28 08:15:28] Trading error: no such table: trading_log
[2025-11-28 08:15:28] Transaction recording error: no such table: transactions
[2025-11-28 08:15:28] Cycle 2: +0.00 CHF | Capital: 100.00 CHF
[2025-11-28 08:15:28] Art generation error: no such table: art_portfolio
[2025-11-28 08:15:28] Trading error: no such table: trading_log
[2025-11-28 08:15:28] Transaction recording error: no such table: transactions
[2025-11-28 08:15:28] Cycle 2: +0.00 CHF | Capital: 100.00 CHF
[2025-11-28 08:15:28] Art generation error: no such table: art_portfolio
[2025-11-28 08:15:28] Trading error: no such table: trading_log
[2025-11-28 08:15:28] Transaction recording error: no such table: transactions
[2025-11-28 08:15:28] Cycle 3: +0.00 CHF | Capital: 100.00 CHF
[2025-11-28 08:15:28] Art generation error: no such table: art_portfolio
[2025-11-28 08:15:28] Trading error: no such table: trading_log
[2025-11-28 08:15:28] Transaction recording error: no such table: transactions
[2025-11-28 08:15:28] Cycle 3: +0.00 CHF | Capital: 100.00 CHF
[2025-11-28 08:15:28] Art generation error: no such table: art_portfolio
[2025-11-28 08:15:28] Trading error: no such table: trading_log
[2025-11-28 08:15:28] Transaction recording error: no such table: transactions
[2025-11-28 08:15:28] Cycle 3: +0.00 CHF | Capital: 100.00 CHF
[2025-11-28 08:15:28] Art generation error: no such table: art_portfolio
[2025-11-28 08:15:28] Trading error: no such table: trading_log
[2025-11-28 08:15:28] Transaction recording error: no such table: transactions
[2025-11-28 08:15:28] Cycle 4: +0.00 CHF | Capital: 100.00 CHF
[2025-11-28 08:15:28] Art generation error: no such table: art_portfolio
[2025-11-28 08:15:28] Trading error: no such table: trading_log
[2025-11-28 08:15:28] Transaction recording error: no such table: transactions
[2025-11-28 08:15:28] Cycle 4: +0.00 CHF | Capital: 100.00 CHF
[2025-11-28 08:15:28] Art generation error: no such table: art_portfolio
[2025-11-28 08:15:28] Trading error: no such table: trading_log
[2025-11-28 08:15:28] Transaction recording error: no such table: transactions
[2025-11-28 08:15:28] Cycle 4: +0.00 CHF | Capital: 100.00 CHF
[2025-11-28 08:15:29] Art generation error: no such table: art_portfolio
[2025-11-28 08:15:29] Trading error: no such table: trading_log
[2025-11-28 08:15:29] Transaction recording error: no such table: transactions
[2025-11-28 08:15:29] Cycle 5: +0.00 CHF | Capital: 100.00 CHF
[2025-11-28 08:15:29] Art generation error: no such table: art_portfolio
[2025-11-28 08:15:29] Trading error: no such table: trading_log
[2025-11-28 08:15:29] Transaction recording error: no such table: transactions
[2025-11-28 08:15:29] Cycle 5: +0.00 CHF | Capital: 100.00 CHF
[2025-11-28 08:15:29] Art generation error: no such table: art_portfolio
[2025-11-28 08:15:29] Trading error: no such table: trading_log
[2025-11-28 08:15:29] Transaction recording error: no such table: transactions
[2025-11-28 08:15:29] Cycle 5: +0.00 CHF | Capital: 100.00 CHF
[2025-11-28 08:20:00] Database initialized
[2025-11-28 08:20:00] === SYSTEM START ===
[2025-11-28 08:20:00] Initial Capital: 100 CHF | Target: 10000 CHF
[2025-11-28 08:20:00] Cycle 1: +262.50 CHF | Capital: 362.50 CHF
[2025-11-28 08:20:02] Cycle 2: +1320.38 CHF | Capital: 1682.88 CHF
[2025-11-28 08:20:06] Cycle 3: +6510.88 CHF | Capital: 8193.75 CHF
[2025-11-28 08:20:15] Cycle 4: +32397.01 CHF | Capital: 40590.76 CHF
[2025-11-28 08:20:17] === TARGET REACHED: 40590.76 CHF ===
[2025-11-28 08:34:19] Database initialized
[2025-11-28 08:34:19] === SYSTEM START ===
[2025-11-28 08:34:19] Initial Capital: 100 CHF | Target: 10000 CHF
[2025-11-28 08:34:19] Cycle 1: +262.50 CHF | Capital: 362.50 CHF
[2025-11-28 08:34:22] Cycle 2: +1320.38 CHF | Capital: 1682.88 CHF
[2025-11-28 08:34:26] Cycle 3: +6510.88 CHF | Capital: 8193.75 CHF
[2025-11-28 08:34:39] Cycle 4: +32397.01 CHF | Capital: 40590.76 CHF
[2025-11-28 08:34:41] === TARGET REACHED: 40590.76 CHF ===
[2025-11-28 08:34:48] Database initialized
[2025-11-28 08:34:48] === SYSTEM START ===
[2025-11-28 08:34:48] Initial Capital: 100 CHF | Target: 10000 CHF
[2025-11-28 08:34:49] Cycle 1: +262.50 CHF | Capital: 362.50 CHF
[2025-11-28 08:34:51] Cycle 2: +1320.38 CHF | Capital: 1682.88 CHF
[2025-11-28 08:34:56] Cycle 3: +6510.88 CHF | Capital: 8193.75 CHF
[2025-11-28 08:35:07] Cycle 4: +32397.01 CHF | Capital: 40590.76 CHF
[2025-11-28 08:35:10] === TARGET REACHED: 40590.76 CHF ===
[2025-11-28 09:58:37] Database initialized
[2025-11-28 09:58:37] === SYSTEM START ===
[2025-11-28 09:58:37] Initial Capital: 100 CHF | Target: 10000 CHF
[2025-11-28 09:58:37] Cycle 1: +262.50 CHF | Capital: 362.50 CHF
[2025-11-28 09:58:39] Cycle 2: +1320.38 CHF | Capital: 1682.88 CHF
[2025-11-28 09:58:44] Cycle 3: +6510.88 CHF | Capital: 8193.75 CHF
[2025-11-28 09:58:53] Cycle 4: +32397.01 CHF | Capital: 40590.76 CHF
[2025-11-28 09:58:56] === TARGET REACHED: 40590.76 CHF ===
[2025-11-28 10:44:30] Database initialized
[2025-11-28 10:44:30] === SYSTEM START ===
[2025-11-28 10:44:30] Initial Capital: 100 CHF | Target: 10000 CHF
[2025-11-28 10:44:30] Cycle 1: +262.50 CHF | Capital: 362.50 CHF
[2025-11-28 10:44:33] Cycle 2: +1320.38 CHF | Capital: 1682.88 CHF
[2025-11-28 10:44:37] Cycle 3: +6510.88 CHF | Capital: 8193.75 CHF
[2025-11-28 10:44:46] Cycle 4: +32397.01 CHF | Capital: 40590.76 CHF
[2025-11-28 10:44:48] === TARGET REACHED: 40590.76 CHF ===
[2025-11-28 10:47:48] Database initialized
[2025-11-28 10:47:49] === SYSTEM START ===
[2025-11-28 10:47:49] Initial Capital: 100 CHF | Target: 10000 CHF
[2025-11-28 10:47:49] Cycle 1: +262.50 CHF | Capital: 362.50 CHF
[2025-11-28 10:47:51] Cycle 2: +1320.38 CHF | Capital: 1682.88 CHF
[2025-11-28 10:47:55] Cycle 3: +6510.88 CHF | Capital: 8193.75 CHF
[2025-11-28 10:48:03] Cycle 4: +32397.01 CHF | Capital: 40590.76 CHF
[2025-11-28 10:48:05] === TARGET REACHED: 40590.76 CHF ===
[2025-11-28 15:39:33] Database initialized
[2025-11-28 15:39:33] === SYSTEM START ===
[2025-11-28 15:39:33] Initial Capital: 100 CHF | Target: 10000 CHF
[2025-11-28 15:39:33] Cycle 1: +262.50 CHF | Capital: 362.50 CHF
[2025-11-28 15:39:35] Cycle 2: +1320.38 CHF | Capital: 1682.88 CHF
[2025-11-28 15:39:40] Cycle 3: +6510.88 CHF | Capital: 8193.75 CHF
[2025-11-28 15:39:49] Cycle 4: +32397.01 CHF | Capital: 40590.76 CHF
[2025-11-28 15:39:51] === TARGET REACHED: 40590.76 CHF ===
