2025-11-15 05:23:37,854 | INFO     | ================================================================================
2025-11-15 05:23:37,868 | INFO     | ================================================================================
2025-11-15 05:23:37,882 | INFO     | ================================================================================
2025-11-15 05:23:38,033 | INFO     | ================================================================================
2025-11-15 05:23:38,102 | INFO     | ================================================================================
2025-11-16 02:42:31,417 | INFO     | ================================================================================
2025-11-16 02:42:31,530 | INFO     | ================================================================================
2025-11-16 02:42:31,563 | INFO     | ================================================================================
2025-11-16 02:42:32,680 | INFO     | ================================================================================
2025-11-16 02:42:32,709 | INFO     | ================================================================================
2025-11-16 02:52:37,697 | INFO     | ================================================================================
2025-11-16 02:52:37,705 | INFO     | ๐ OMEGA PROFIT MAXIMIZER GESTARTET
2025-11-16 02:52:37,706 | INFO     | ๐ฐ Start-Kapital: 100.00 CHF
2025-11-16 02:52:37,709 | INFO     | ๐ฏ Ziel: 10000.00 CHF
2025-11-16 02:52:37,713 | INFO     | ๐ Benรถtigte Multiplikation: 100.0x
2025-11-16 02:52:37,714 | INFO     | ================================================================================
2025-11-16 02:52:37,716 | INFO     | ๐ STARTE OMEGA PROFIT RUN
2025-11-16 02:52:37,728 | INFO     | โฑ๏ธ  Zyklus-Dauer: 60.0 Minuten
2025-11-16 02:52:37,731 | INFO     | ๐ Max. Zyklen: 1000
2025-11-16 02:52:37,732 | INFO     | ================================================================================
2025-11-16 02:52:37,733 | INFO     | ๐ Rig-Allokation: 1 Rigs aktiv bei 100.00 CHF Kapital
2025-11-16 02:52:37,733 | INFO     |    โ ASIC_3 (E9_Pro): ethash/ETH - ROI: 118787.729, Profit: 261333.00 CHF/h
2025-11-16 02:52:37,737 | INFO     | โโโโโโโโโโโโโโโโโโโโโโโโโโโโโโโโโโโโโโโโโโโโโโโโโโโโโโโโโโโโโโโโโโโโโโโโโโโโโโโโ
2025-11-16 02:52:37,737 | INFO     | ๐ ZYKLUS 1 ABGESCHLOSSEN
2025-11-16 02:52:37,743 | INFO     | โฑ๏ธ  Dauer: 60.0 Minuten
2025-11-16 02:52:37,744 | INFO     | ๐ฐ Kapital: 100.00 โ 274493.13 CHF
2025-11-16 02:52:37,745 | INFO     | ๐ Profit: +274393.13 CHF (274393.1%)
2025-11-16 02:52:37,752 | INFO     | ๐ฏ Ziel: 2744.9% erreicht
2025-11-16 02:52:37,761 | INFO     | ๐ฅ๏ธ  Aktive Rigs: 1
2025-11-16 02:52:37,877 | INFO     | ================================================================================
2025-11-16 02:52:37,908 | INFO     | ๐ SESSION BEENDET
2025-11-16 02:52:37,950 | INFO     | โ Status: ZIEL ERREICHT!
2025-11-16 02:52:37,977 | INFO     | ๐ฐ Final Capital: 274493.13 CHF
2025-11-16 02:52:37,998 | INFO     | ๐ Total Profit: 274393.13 CHF
2025-11-16 02:52:38,008 | INFO     | ๐ Multiplikation: 2744.93x
2025-11-16 02:52:38,032 | INFO     | ๐ Zyklen: 1
2025-11-16 02:52:38,070 | INFO     | โฑ๏ธ  Gesamtdauer: 0:00:00.179570
2025-11-16 02:52:38,114 | INFO     | ๐น Durchschn. Profit/Zyklus: 274393.13 CHF
2025-11-16 02:52:38,146 | INFO     | ================================================================================
2025-11-16 02:52:38,197 | INFO     | ๐พ Session exportiert: python_modules\omega_profit_session_20251116_025238.json
