2025-10-15 03:45:53 ==== Starte post_install_max.ps1 (universelle Vorlage) ====
2025-10-15 03:45:53 [WARN] Umgebungsvariable 'JWT_SECRET' ist NICHT gesetzt!
2025-10-15 03:45:53 [WARN] Umgebungsvariable 'MAINTENANCE_KEY' ist NICHT gesetzt!
2025-10-15 03:45:53 [INFO] Prüfe Python-Installation ...
2025-10-15 03:45:53 [OK] Python gefunden: Python 3.13.8
2025-10-15 03:45:53 ==== post_install_max.ps1 abgeschlossen ====
2025-10-15 05:28:23 ==== Starte post_install_max.ps1 (Premium-Build-Installer) ====
2025-10-15 05:28:23 [WARN] Umgebungsvariable 'JWT_SECRET' ist NICHT gesetzt!
2025-10-15 05:28:23 [WARN] Umgebungsvariable 'MAINTENANCE_KEY' ist NICHT gesetzt!
2025-10-15 05:28:23 [INFO] Prüfe Python-Installation ...
2025-10-15 05:28:23 [OK] Python gefunden: Python 3.13.8
2025-10-15 05:28:23 [INFO] Suche nach .sln- und .csproj-Dateien ...
2025-10-15 05:28:38 [INFO] Baue Solution: C:\Users\Laptop\Desktop\Projekte\MEGA ULTRA ROBOTER KI\AI_CORE\MegaUltraNetworkSystem.sln ...
2025-10-15 05:28:46 [OK] Build abgeschlossen: MegaUltraNetworkSystem.sln
2025-10-15 05:28:46 [INFO] Baue Projekt: C:\Users\Laptop\Desktop\Projekte\MEGA ULTRA ROBOTER KI\🤖ROBOTER_KI_APP.csproj ...
2025-10-15 05:29:30 [OK] Build abgeschlossen: 🤖ROBOTER_KI_APP.csproj
2025-10-15 05:29:30 [INFO] Baue Projekt: C:\Users\Laptop\Desktop\Projekte\MEGA ULTRA ROBOTER KI\AI_CORE\MegaUltraAIIntegrator.csproj ...
2025-10-15 05:29:56 [OK] Build abgeschlossen: MegaUltraAIIntegrator.csproj
2025-10-15 05:29:56 [INFO] Baue Projekt: C:\Users\Laptop\Desktop\Projekte\MEGA ULTRA ROBOTER KI\AI_CORE\MegaUltraAISystem.csproj ...
2025-10-15 05:30:24 [OK] Build abgeschlossen: MegaUltraAISystem.csproj
2025-10-15 05:30:24 [INFO] Baue Projekt: C:\Users\Laptop\Desktop\Projekte\MEGA ULTRA ROBOTER KI\AI_CORE\MegaUltraAISystemV2.csproj ...
2025-10-15 05:31:01 [OK] Build abgeschlossen: MegaUltraAISystemV2.csproj
2025-10-15 05:31:01 [INFO] Baue Projekt: C:\Users\Laptop\Desktop\Projekte\MEGA ULTRA ROBOTER KI\AI_CORE\CleanAI\CleanAI.csproj ...
2025-10-15 05:31:09 [OK] Build abgeschlossen: CleanAI.csproj
2025-10-15 05:31:09 [INFO] Baue Projekt: C:\Users\Laptop\Desktop\Projekte\MEGA ULTRA ROBOTER KI\AI_CORE\MegaUltraNetwork\MegaUltraNetwork.csproj ...
2025-10-15 05:31:24 [OK] Build abgeschlossen: MegaUltraNetwork.csproj
2025-10-15 05:31:24 ==== post_install_max.ps1 abgeschlossen ====
2025-10-15 05:53:19 ==== Starte post_install_max.ps1 (Premium-Build-Installer) ====
2025-10-15 05:53:19 [WARN] Umgebungsvariable 'JWT_SECRET' ist NICHT gesetzt!
2025-10-15 05:53:19 [WARN] Umgebungsvariable 'MAINTENANCE_KEY' ist NICHT gesetzt!
2025-10-15 05:53:19 [INFO] Prüfe Python-Installation ...
2025-10-15 05:53:20 [OK] Python gefunden: Python 3.13.8
2025-10-15 05:53:20 [INFO] Suche nach .sln- und .csproj-Dateien ...
2025-10-15 05:53:27 [INFO] Baue Solution: C:\Users\Laptop\Desktop\Projekte\MEGA ULTRA ROBOTER KI\AI_CORE\MegaUltraNetworkSystem.sln ...
2025-10-15 05:53:30 [OK] Build abgeschlossen: MegaUltraNetworkSystem.sln
2025-10-15 05:53:30 [INFO] Baue Projekt: C:\Users\Laptop\Desktop\Projekte\MEGA ULTRA ROBOTER KI\🤖ROBOTER_KI_APP.csproj ...
2025-10-15 05:53:39 [OK] Build abgeschlossen: 🤖ROBOTER_KI_APP.csproj
2025-10-15 05:53:39 [INFO] Baue Projekt: C:\Users\Laptop\Desktop\Projekte\MEGA ULTRA ROBOTER KI\AI_CORE\MegaUltraAIIntegrator.csproj ...
2025-10-15 05:53:55 [OK] Build abgeschlossen: MegaUltraAIIntegrator.csproj
2025-10-15 05:53:55 [INFO] Baue Projekt: C:\Users\Laptop\Desktop\Projekte\MEGA ULTRA ROBOTER KI\AI_CORE\MegaUltraAISystem.csproj ...
2025-10-15 05:54:06 [OK] Build abgeschlossen: MegaUltraAISystem.csproj
2025-10-15 05:54:06 [INFO] Baue Projekt: C:\Users\Laptop\Desktop\Projekte\MEGA ULTRA ROBOTER KI\AI_CORE\MegaUltraAISystemV2.csproj ...
2025-10-15 05:54:16 [OK] Build abgeschlossen: MegaUltraAISystemV2.csproj
2025-10-15 05:54:16 [INFO] Baue Projekt: C:\Users\Laptop\Desktop\Projekte\MEGA ULTRA ROBOTER KI\AI_CORE\CleanAI\CleanAI.csproj ...
2025-10-15 05:54:24 [OK] Build abgeschlossen: CleanAI.csproj
2025-10-15 05:54:24 [INFO] Baue Projekt: C:\Users\Laptop\Desktop\Projekte\MEGA ULTRA ROBOTER KI\AI_CORE\MegaUltraNetwork\MegaUltraNetwork.csproj ...
2025-10-15 05:54:30 [OK] Build abgeschlossen: MegaUltraNetwork.csproj
2025-10-15 05:54:30 ==== post_install_max.ps1 abgeschlossen ====
2025-10-15 06:17:10 ==== Starte post_install_max.ps1 (Premium-Build-Installer) ====
2025-10-15 06:17:10 [WARN] Umgebungsvariable 'JWT_SECRET' ist NICHT gesetzt!
2025-10-15 06:17:11 [WARN] Umgebungsvariable 'MAINTENANCE_KEY' ist NICHT gesetzt!
2025-10-15 06:17:11 [INFO] Prüfe Python-Installation ...
2025-10-15 06:17:11 [OK] Python gefunden: Python 3.14.0
2025-10-15 06:17:11 [INFO] Suche nach .sln- und .csproj-Dateien ...
2025-10-15 06:17:25 [INFO] Baue Solution: C:\Users\Laptop\Desktop\Projekte\MEGA ULTRA ROBOTER KI\AI_CORE\MegaUltraNetworkSystem.sln ...
2025-10-15 06:17:27 [OK] Build abgeschlossen: MegaUltraNetworkSystem.sln
2025-10-15 06:17:27 [INFO] Baue Projekt: C:\Users\Laptop\Desktop\Projekte\MEGA ULTRA ROBOTER KI\??ROBOTER_KI_APP.csproj ...
2025-10-15 06:17:40 [OK] Build abgeschlossen: ??ROBOTER_KI_APP.csproj
2025-10-15 06:17:41 [INFO] Baue Projekt: C:\Users\Laptop\Desktop\Projekte\MEGA ULTRA ROBOTER KI\AI_CORE\MegaUltraAIIntegrator.csproj ...
2025-10-15 06:21:19 [OK] Build abgeschlossen: MegaUltraAIIntegrator.csproj
2025-10-15 06:21:20 [INFO] Baue Projekt: C:\Users\Laptop\Desktop\Projekte\MEGA ULTRA ROBOTER KI\AI_CORE\MegaUltraAISystem.csproj ...
2025-10-15 06:21:59 [OK] Build abgeschlossen: MegaUltraAISystem.csproj
2025-10-15 06:21:59 [INFO] Baue Projekt: C:\Users\Laptop\Desktop\Projekte\MEGA ULTRA ROBOTER KI\AI_CORE\MegaUltraAISystemV2.csproj ...
2025-10-15 06:22:31 [OK] Build abgeschlossen: MegaUltraAISystemV2.csproj
2025-10-15 06:22:31 [INFO] Baue Projekt: C:\Users\Laptop\Desktop\Projekte\MEGA ULTRA ROBOTER KI\AI_CORE\CleanAI\CleanAI.csproj ...
2025-10-15 06:22:38 [OK] Build abgeschlossen: CleanAI.csproj
2025-10-15 06:22:38 [INFO] Baue Projekt: C:\Users\Laptop\Desktop\Projekte\MEGA ULTRA ROBOTER KI\AI_CORE\MegaUltraNetwork\MegaUltraNetwork.csproj ...
2025-10-15 06:22:44 [OK] Build abgeschlossen: MegaUltraNetwork.csproj
2025-10-15 06:22:44 ==== post_install_max.ps1 abgeschlossen ====
2025-10-15 17:32:41 ==== Starte post_install_max.ps1 (Premium-Build-Installer) ====
2025-10-15 17:32:42 [WARN] Umgebungsvariable 'JWT_SECRET' ist NICHT gesetzt!
2025-10-15 17:32:42 [WARN] Umgebungsvariable 'MAINTENANCE_KEY' ist NICHT gesetzt!
2025-10-15 17:32:42 [INFO] Prüfe Python-Installation ...
2025-10-15 17:32:42 [OK] Python gefunden: Python 3.13.9
2025-10-15 17:32:43 [INFO] Suche nach .sln- und .csproj-Dateien ...
2025-10-15 17:33:10 [INFO] Baue Solution: C:\Users\Laptop\Desktop\Projekte\MEGA ULTRA ROBOTER KI\AI_CORE\MegaUltraNetworkSystem.sln ...
2025-10-15 17:33:41 [OK] Build abgeschlossen: MegaUltraNetworkSystem.sln
2025-10-15 17:33:41 [INFO] Baue Projekt: C:\Users\Laptop\Desktop\Projekte\MEGA ULTRA ROBOTER KI\??ROBOTER_KI_APP.csproj ...
2025-10-15 17:35:45 [OK] Build abgeschlossen: ??ROBOTER_KI_APP.csproj
2025-10-15 17:35:45 [INFO] Baue Projekt: C:\Users\Laptop\Desktop\Projekte\MEGA ULTRA ROBOTER KI\AI_CORE\MegaUltraAIIntegrator.csproj ...
2025-10-15 17:36:09 [OK] Build abgeschlossen: MegaUltraAIIntegrator.csproj
2025-10-15 17:36:09 [INFO] Baue Projekt: C:\Users\Laptop\Desktop\Projekte\MEGA ULTRA ROBOTER KI\AI_CORE\MegaUltraAISystem.csproj ...
2025-10-15 17:36:55 [OK] Build abgeschlossen: MegaUltraAISystem.csproj
2025-10-15 17:36:55 [INFO] Baue Projekt: C:\Users\Laptop\Desktop\Projekte\MEGA ULTRA ROBOTER KI\AI_CORE\MegaUltraAISystemV2.csproj ...
2025-10-15 17:37:57 [OK] Build abgeschlossen: MegaUltraAISystemV2.csproj
2025-10-15 17:37:57 [INFO] Baue Projekt: C:\Users\Laptop\Desktop\Projekte\MEGA ULTRA ROBOTER KI\AI_CORE\CleanAI\CleanAI.csproj ...
2025-10-15 17:39:50 [OK] Build abgeschlossen: CleanAI.csproj
2025-10-15 17:39:54 [INFO] Baue Projekt: C:\Users\Laptop\Desktop\Projekte\MEGA ULTRA ROBOTER KI\AI_CORE\MegaUltraNetwork\MegaUltraNetwork.csproj ...
2025-10-15 17:41:50 [OK] Build abgeschlossen: MegaUltraNetwork.csproj
2025-10-15 17:41:50 ==== post_install_max.ps1 abgeschlossen ====
2025-10-15 17:46:57 ==== Starte post_install_max.ps1 (Premium-Build-Installer) ====
2025-10-15 17:46:57 [WARN] Umgebungsvariable 'JWT_SECRET' ist NICHT gesetzt!
2025-10-15 17:46:57 [WARN] Umgebungsvariable 'MAINTENANCE_KEY' ist NICHT gesetzt!
2025-10-15 17:46:57 [INFO] Prüfe Python-Installation ...
2025-10-15 17:46:57 [OK] Python gefunden: Python 3.13.9
2025-10-15 17:46:57 [INFO] Suche nach .sln- und .csproj-Dateien ...
2025-10-15 17:47:11 [INFO] Baue Solution: C:\Users\Laptop\Desktop\Projekte\MEGA ULTRA ROBOTER KI\AI_CORE\MegaUltraNetworkSystem.sln ...
2025-10-15 17:47:17 [OK] Build abgeschlossen: MegaUltraNetworkSystem.sln
2025-10-15 17:47:17 [INFO] Baue Projekt: C:\Users\Laptop\Desktop\Projekte\MEGA ULTRA ROBOTER KI\??ROBOTER_KI_APP.csproj ...
2025-10-15 17:48:22 [OK] Build abgeschlossen: ??ROBOTER_KI_APP.csproj
2025-10-15 17:48:22 [INFO] Baue Projekt: C:\Users\Laptop\Desktop\Projekte\MEGA ULTRA ROBOTER KI\AI_CORE\MegaUltraAIIntegrator.csproj ...
2025-10-15 17:48:46 [OK] Build abgeschlossen: MegaUltraAIIntegrator.csproj
2025-10-15 17:48:46 [INFO] Baue Projekt: C:\Users\Laptop\Desktop\Projekte\MEGA ULTRA ROBOTER KI\AI_CORE\MegaUltraAISystem.csproj ...
2025-10-15 17:49:24 [OK] Build abgeschlossen: MegaUltraAISystem.csproj
2025-10-15 17:49:24 [INFO] Baue Projekt: C:\Users\Laptop\Desktop\Projekte\MEGA ULTRA ROBOTER KI\AI_CORE\MegaUltraAISystemV2.csproj ...
2025-10-15 17:50:19 [OK] Build abgeschlossen: MegaUltraAISystemV2.csproj
2025-10-15 17:50:19 [INFO] Baue Projekt: C:\Users\Laptop\Desktop\Projekte\MEGA ULTRA ROBOTER KI\AI_CORE\CleanAI\CleanAI.csproj ...
2025-10-15 17:50:55 [OK] Build abgeschlossen: CleanAI.csproj
2025-10-15 17:50:55 [INFO] Baue Projekt: C:\Users\Laptop\Desktop\Projekte\MEGA ULTRA ROBOTER KI\AI_CORE\MegaUltraNetwork\MegaUltraNetwork.csproj ...
2025-10-15 17:51:10 [OK] Build abgeschlossen: MegaUltraNetwork.csproj
2025-10-15 17:51:10 ==== post_install_max.ps1 abgeschlossen ====
2025-10-16 18:59:01 ==== Starte post_install_max.ps1 (Premium-Build-Installer) ====
2025-10-16 18:59:01 [WARN] Umgebungsvariable 'JWT_SECRET' ist NICHT gesetzt!
2025-10-16 18:59:01 [WARN] Umgebungsvariable 'MAINTENANCE_KEY' ist NICHT gesetzt!
2025-10-16 18:59:01 [INFO] Prüfe Python-Installation ...
2025-10-16 18:59:01 [OK] Python gefunden: Python 3.14.0
2025-10-16 18:59:01 [INFO] Suche nach .sln- und .csproj-Dateien ...
2025-10-16 18:59:08 [INFO] Baue Solution: C:\Users\Laptop\Desktop\Projekte\MEGA ULTRA ROBOTER KI\AI_CORE\MegaUltraNetworkSystem.sln ...
2025-10-16 18:59:10 [OK] Build abgeschlossen: MegaUltraNetworkSystem.sln
2025-10-16 18:59:10 [INFO] Baue Projekt: C:\Users\Laptop\Desktop\Projekte\MEGA ULTRA ROBOTER KI\🤖ROBOTER_KI_APP.csproj ...
2025-10-16 18:59:23 [OK] Build abgeschlossen: 🤖ROBOTER_KI_APP.csproj
2025-10-16 18:59:23 [INFO] Baue Projekt: C:\Users\Laptop\Desktop\Projekte\MEGA ULTRA ROBOTER KI\AI_CORE\MegaUltraAIIntegrator.csproj ...
2025-10-16 18:59:36 [OK] Build abgeschlossen: MegaUltraAIIntegrator.csproj
2025-10-16 18:59:36 [INFO] Baue Projekt: C:\Users\Laptop\Desktop\Projekte\MEGA ULTRA ROBOTER KI\AI_CORE\MegaUltraAISystem.csproj ...
2025-10-16 18:59:51 [OK] Build abgeschlossen: MegaUltraAISystem.csproj
2025-10-16 18:59:51 [INFO] Baue Projekt: C:\Users\Laptop\Desktop\Projekte\MEGA ULTRA ROBOTER KI\AI_CORE\MegaUltraAISystemV2.csproj ...
2025-10-16 19:00:09 [OK] Build abgeschlossen: MegaUltraAISystemV2.csproj
2025-10-16 19:00:09 [INFO] Baue Projekt: C:\Users\Laptop\Desktop\Projekte\MEGA ULTRA ROBOTER KI\AI_CORE\CleanAI\CleanAI.csproj ...
2025-10-16 19:00:21 [OK] Build abgeschlossen: CleanAI.csproj
2025-10-16 19:00:21 [INFO] Baue Projekt: C:\Users\Laptop\Desktop\Projekte\MEGA ULTRA ROBOTER KI\AI_CORE\MegaUltraNetwork\MegaUltraNetwork.csproj ...
2025-10-16 19:00:28 [OK] Build abgeschlossen: MegaUltraNetwork.csproj
2025-10-16 19:00:28 ==== post_install_max.ps1 abgeschlossen ====
2025-10-16 19:03:25 ==== Starte post_install_max.ps1 (Premium-Build-Installer) ====
2025-10-16 19:03:25 [WARN] Umgebungsvariable 'JWT_SECRET' ist NICHT gesetzt!
2025-10-16 19:03:25 [WARN] Umgebungsvariable 'MAINTENANCE_KEY' ist NICHT gesetzt!
2025-10-16 19:03:25 [INFO] Prüfe Python-Installation ...
2025-10-16 19:03:25 [OK] Python gefunden: Python 3.14.0
2025-10-16 19:03:25 [INFO] Suche nach .sln- und .csproj-Dateien ...
2025-10-16 19:03:28 [INFO] Baue Solution: C:\Users\Laptop\Desktop\Projekte\MEGA ULTRA ROBOTER KI\AI_CORE\MegaUltraNetworkSystem.sln ...
2025-10-16 19:03:29 [OK] Build abgeschlossen: MegaUltraNetworkSystem.sln
2025-10-16 19:03:29 [INFO] Baue Projekt: C:\Users\Laptop\Desktop\Projekte\MEGA ULTRA ROBOTER KI\🤖ROBOTER_KI_APP.csproj ...
2025-10-16 19:03:35 [OK] Build abgeschlossen: 🤖ROBOTER_KI_APP.csproj
2025-10-16 19:03:35 [INFO] Baue Projekt: C:\Users\Laptop\Desktop\Projekte\MEGA ULTRA ROBOTER KI\AI_CORE\MegaUltraAIIntegrator.csproj ...
2025-10-16 19:03:40 [OK] Build abgeschlossen: MegaUltraAIIntegrator.csproj
2025-10-16 19:03:40 [INFO] Baue Projekt: C:\Users\Laptop\Desktop\Projekte\MEGA ULTRA ROBOTER KI\AI_CORE\MegaUltraAISystem.csproj ...
2025-10-16 19:03:49 [OK] Build abgeschlossen: MegaUltraAISystem.csproj
2025-10-16 19:03:49 [INFO] Baue Projekt: C:\Users\Laptop\Desktop\Projekte\MEGA ULTRA ROBOTER KI\AI_CORE\MegaUltraAISystemV2.csproj ...
2025-10-16 19:03:59 [OK] Build abgeschlossen: MegaUltraAISystemV2.csproj
2025-10-16 19:03:59 [INFO] Baue Projekt: C:\Users\Laptop\Desktop\Projekte\MEGA ULTRA ROBOTER KI\AI_CORE\CleanAI\CleanAI.csproj ...
2025-10-16 19:04:07 [OK] Build abgeschlossen: CleanAI.csproj
2025-10-16 19:04:07 [INFO] Baue Projekt: C:\Users\Laptop\Desktop\Projekte\MEGA ULTRA ROBOTER KI\AI_CORE\MegaUltraNetwork\MegaUltraNetwork.csproj ...
2025-10-16 19:04:15 [OK] Build abgeschlossen: MegaUltraNetwork.csproj
2025-10-16 19:04:15 ==== post_install_max.ps1 abgeschlossen ====
2025-10-17 07:48:05 ==== Starte post_install_max.ps1 (Premium-Build-Installer) ====
2025-10-17 07:48:05 [WARN] Umgebungsvariable 'JWT_SECRET' ist NICHT gesetzt!
2025-10-17 07:48:05 [WARN] Umgebungsvariable 'MAINTENANCE_KEY' ist NICHT gesetzt!
2025-10-17 07:48:05 [INFO] Prüfe Python-Installation ...
2025-10-17 07:48:06 [OK] Python gefunden: Python 3.14.0
2025-10-17 07:48:06 [INFO] Suche nach .sln- und .csproj-Dateien ...
2025-10-17 07:48:11 [INFO] Baue Solution: C:\Users\Laptop\Desktop\Projekte\MEGA ULTRA ROBOTER KI\AI_CORE\MegaUltraNetworkSystem.sln ...
2025-10-17 07:48:14 [OK] Build abgeschlossen: MegaUltraNetworkSystem.sln
2025-10-17 07:48:14 [INFO] Baue Projekt: C:\Users\Laptop\Desktop\Projekte\MEGA ULTRA ROBOTER KI\🤖ROBOTER_KI_APP.csproj ...
2025-10-17 07:48:22 [OK] Build abgeschlossen: 🤖ROBOTER_KI_APP.csproj
2025-10-17 07:48:22 [INFO] Baue Projekt: C:\Users\Laptop\Desktop\Projekte\MEGA ULTRA ROBOTER KI\AI_CORE\MegaUltraAIIntegrator.csproj ...
2025-10-17 07:48:24 [OK] Build abgeschlossen: MegaUltraAIIntegrator.csproj
2025-10-17 07:48:24 [INFO] Baue Projekt: C:\Users\Laptop\Desktop\Projekte\MEGA ULTRA ROBOTER KI\AI_CORE\MegaUltraAISystem.csproj ...
2025-10-17 07:48:26 [OK] Build abgeschlossen: MegaUltraAISystem.csproj
2025-10-17 07:48:26 [INFO] Baue Projekt: C:\Users\Laptop\Desktop\Projekte\MEGA ULTRA ROBOTER KI\AI_CORE\MegaUltraAISystemV2.csproj ...
2025-10-17 07:48:28 [OK] Build abgeschlossen: MegaUltraAISystemV2.csproj
2025-10-17 07:48:28 [INFO] Baue Projekt: C:\Users\Laptop\Desktop\Projekte\MEGA ULTRA ROBOTER KI\AI_CORE\CleanAI\CleanAI.csproj ...
2025-10-17 07:48:40 [OK] Build abgeschlossen: CleanAI.csproj
2025-10-17 07:48:40 [INFO] Baue Projekt: C:\Users\Laptop\Desktop\Projekte\MEGA ULTRA ROBOTER KI\AI_CORE\MegaUltraNetwork\MegaUltraNetwork.csproj ...
2025-10-17 07:48:51 [OK] Build abgeschlossen: MegaUltraNetwork.csproj
2025-10-17 07:48:51 ==== post_install_max.ps1 abgeschlossen ====
2025-10-24 21:42:57 ==== Starte post_install_max.ps1 (Premium-Build-Installer) ====
2025-10-24 21:42:58 [WARN] Umgebungsvariable 'JWT_SECRET' ist NICHT gesetzt!
2025-10-24 21:42:58 [WARN] Umgebungsvariable 'MAINTENANCE_KEY' ist NICHT gesetzt!
2025-10-24 21:42:58 [INFO] Prüfe Python-Installation ...
2025-10-24 21:42:58 [OK] Python gefunden: Python 3.14.0
2025-10-24 21:42:58 [INFO] Suche nach .sln- und .csproj-Dateien ...
2025-10-24 21:43:56 [INFO] Baue Solution: C:\Users\Laptop\Desktop\Projekte\MEGA ULTRA ROBOTER KI\AI_CORE\MegaUltraNetworkSystem.sln ...
2025-10-24 21:44:10 [OK] Build abgeschlossen: MegaUltraNetworkSystem.sln
2025-10-24 21:44:10 [INFO] Baue Projekt: C:\Users\Laptop\Desktop\Projekte\MEGA ULTRA ROBOTER KI\??ROBOTER_KI_APP.csproj ...
2025-10-24 21:46:15 [OK] Build abgeschlossen: ??ROBOTER_KI_APP.csproj
2025-10-24 21:46:15 [INFO] Baue Projekt: C:\Users\Laptop\Desktop\Projekte\MEGA ULTRA ROBOTER KI\AI_CORE\MegaUltraAIIntegrator.csproj ...
2025-10-24 21:46:28 [OK] Build abgeschlossen: MegaUltraAIIntegrator.csproj
2025-10-24 21:46:29 [INFO] Baue Projekt: C:\Users\Laptop\Desktop\Projekte\MEGA ULTRA ROBOTER KI\AI_CORE\MegaUltraAISystem.csproj ...
2025-10-24 21:46:43 [OK] Build abgeschlossen: MegaUltraAISystem.csproj
2025-10-24 21:46:43 [INFO] Baue Projekt: C:\Users\Laptop\Desktop\Projekte\MEGA ULTRA ROBOTER KI\AI_CORE\MegaUltraAISystemV2.csproj ...
2025-10-24 21:47:05 [OK] Build abgeschlossen: MegaUltraAISystemV2.csproj
2025-10-24 21:47:05 [INFO] Baue Projekt: C:\Users\Laptop\Desktop\Projekte\MEGA ULTRA ROBOTER KI\AI_CORE\CleanAI\CleanAI.csproj ...
2025-10-24 21:48:01 [OK] Build abgeschlossen: CleanAI.csproj
2025-10-24 21:48:02 [INFO] Baue Projekt: C:\Users\Laptop\Desktop\Projekte\MEGA ULTRA ROBOTER KI\AI_CORE\MegaUltraNetwork\MegaUltraNetwork.csproj ...
2025-10-24 21:48:36 [OK] Build abgeschlossen: MegaUltraNetwork.csproj
2025-10-24 21:48:36 ==== post_install_max.ps1 abgeschlossen ====
